<?xml version="1.0" encoding="UTF-8"?>
<!-- Generated by org.testng.reporters.JUnitXMLReporter -->
<testsuite hostname="Ankana_studyPC" ignored="2" tests="1" failures="0" timestamp="09 Nov 2017 18:55:19 GMT" time="36.176" errors="0">
  <testcase name="webDriverCommands2" time="36.137" classname="SeleniumCoding"/>
  <testcase name="webDriverCommands" time="0.0" classname="SeleniumCoding">
    <ignored/>
  </testcase> <!-- webDriverCommands -->
  <testcase name="webDriverCommands3" time="0.0" classname="SeleniumCoding">
    <ignored/>
  </testcase> <!-- webDriverCommands3 -->
</testsuite>
